[31-Mar-2017 01:32:22 UTC] PHP Warning:  mysqli_real_escape_string() expects parameter 1 to be mysqli, array given in /home/ubuntu/workspace/admin/resources/fx_login.php on line 8
[31-Mar-2017 01:32:22 UTC] PHP Stack trace:
[31-Mar-2017 01:32:22 UTC] PHP   1. {main}() /home/ubuntu/workspace/admin/resources/fx_login.php:0
[31-Mar-2017 01:32:22 UTC] PHP   2. mysqli_real_escape_string() /home/ubuntu/workspace/admin/resources/fx_login.php:8
[31-Mar-2017 01:32:22 UTC] PHP Warning:  mysqli_real_escape_string() expects parameter 1 to be mysqli, array given in /home/ubuntu/workspace/admin/resources/fx_login.php on line 9
[31-Mar-2017 01:32:22 UTC] PHP Stack trace:
[31-Mar-2017 01:32:22 UTC] PHP   1. {main}() /home/ubuntu/workspace/admin/resources/fx_login.php:0
[31-Mar-2017 01:32:22 UTC] PHP   2. mysqli_real_escape_string() /home/ubuntu/workspace/admin/resources/fx_login.php:9
[31-Mar-2017 01:32:22 UTC] PHP Warning:  mysqli_query() expects parameter 1 to be mysqli, array given in /home/ubuntu/workspace/admin/resources/fx_login.php on line 12
[31-Mar-2017 01:32:22 UTC] PHP Stack trace:
[31-Mar-2017 01:32:22 UTC] PHP   1. {main}() /home/ubuntu/workspace/admin/resources/fx_login.php:0
[31-Mar-2017 01:32:22 UTC] PHP   2. mysqli_query() /home/ubuntu/workspace/admin/resources/fx_login.php:12
[31-Mar-2017 01:32:22 UTC] PHP Warning:  mysqli_fetch_array() expects parameter 1 to be mysqli_result, null given in /home/ubuntu/workspace/admin/resources/fx_login.php on line 13
[31-Mar-2017 01:32:22 UTC] PHP Stack trace:
[31-Mar-2017 01:32:22 UTC] PHP   1. {main}() /home/ubuntu/workspace/admin/resources/fx_login.php:0
[31-Mar-2017 01:32:22 UTC] PHP   2. mysqli_fetch_array() /home/ubuntu/workspace/admin/resources/fx_login.php:13
[31-Mar-2017 01:32:22 UTC] PHP Warning:  mysqli_num_rows() expects parameter 1 to be mysqli_result, null given in /home/ubuntu/workspace/admin/resources/fx_login.php on line 16
[31-Mar-2017 01:32:22 UTC] PHP Stack trace:
[31-Mar-2017 01:32:22 UTC] PHP   1. {main}() /home/ubuntu/workspace/admin/resources/fx_login.php:0
[31-Mar-2017 01:32:22 UTC] PHP   2. mysqli_num_rows() /home/ubuntu/workspace/admin/resources/fx_login.php:16
[31-Mar-2017 01:33:45 UTC] PHP Warning:  mysqli_real_escape_string() expects parameter 1 to be mysqli, array given in /home/ubuntu/workspace/admin/resources/fx_login.php on line 8
[31-Mar-2017 01:33:45 UTC] PHP Stack trace:
[31-Mar-2017 01:33:45 UTC] PHP   1. {main}() /home/ubuntu/workspace/admin/resources/fx_login.php:0
[31-Mar-2017 01:33:45 UTC] PHP   2. mysqli_real_escape_string() /home/ubuntu/workspace/admin/resources/fx_login.php:8
[31-Mar-2017 01:33:45 UTC] PHP Warning:  mysqli_real_escape_string() expects parameter 1 to be mysqli, array given in /home/ubuntu/workspace/admin/resources/fx_login.php on line 9
[31-Mar-2017 01:33:45 UTC] PHP Stack trace:
[31-Mar-2017 01:33:45 UTC] PHP   1. {main}() /home/ubuntu/workspace/admin/resources/fx_login.php:0
[31-Mar-2017 01:33:45 UTC] PHP   2. mysqli_real_escape_string() /home/ubuntu/workspace/admin/resources/fx_login.php:9
[31-Mar-2017 01:33:45 UTC] PHP Warning:  mysqli_query() expects parameter 1 to be mysqli, array given in /home/ubuntu/workspace/admin/resources/fx_login.php on line 12
[31-Mar-2017 01:33:45 UTC] PHP Stack trace:
[31-Mar-2017 01:33:45 UTC] PHP   1. {main}() /home/ubuntu/workspace/admin/resources/fx_login.php:0
[31-Mar-2017 01:33:45 UTC] PHP   2. mysqli_query() /home/ubuntu/workspace/admin/resources/fx_login.php:12
[31-Mar-2017 01:33:45 UTC] PHP Warning:  mysqli_fetch_array() expects parameter 1 to be mysqli_result, null given in /home/ubuntu/workspace/admin/resources/fx_login.php on line 13
[31-Mar-2017 01:33:45 UTC] PHP Stack trace:
[31-Mar-2017 01:33:45 UTC] PHP   1. {main}() /home/ubuntu/workspace/admin/resources/fx_login.php:0
[31-Mar-2017 01:33:45 UTC] PHP   2. mysqli_fetch_array() /home/ubuntu/workspace/admin/resources/fx_login.php:13
[31-Mar-2017 01:33:45 UTC] PHP Warning:  mysqli_num_rows() expects parameter 1 to be mysqli_result, null given in /home/ubuntu/workspace/admin/resources/fx_login.php on line 16
[31-Mar-2017 01:33:45 UTC] PHP Stack trace:
[31-Mar-2017 01:33:45 UTC] PHP   1. {main}() /home/ubuntu/workspace/admin/resources/fx_login.php:0
[31-Mar-2017 01:33:45 UTC] PHP   2. mysqli_num_rows() /home/ubuntu/workspace/admin/resources/fx_login.php:16
[31-Mar-2017 01:34:12 UTC] PHP Fatal error:  Call to undefined function session_register() in /home/ubuntu/workspace/admin/resources/fx_login.php on line 21
[31-Mar-2017 01:34:12 UTC] PHP Stack trace:
[31-Mar-2017 01:34:12 UTC] PHP   1. {main}() /home/ubuntu/workspace/admin/resources/fx_login.php:0
[31-Mar-2017 01:36:39 UTC] PHP Fatal error:  Call to undefined function session_register() in /home/ubuntu/workspace/admin/resources/fx_login.php on line 21
[31-Mar-2017 01:36:39 UTC] PHP Stack trace:
[31-Mar-2017 01:36:39 UTC] PHP   1. {main}() /home/ubuntu/workspace/admin/resources/fx_login.php:0
[31-Mar-2017 01:37:46 UTC] PHP Fatal error:  Call to undefined function session_register() in /home/ubuntu/workspace/admin/resources/fx_login.php on line 21
[31-Mar-2017 01:37:46 UTC] PHP Stack trace:
[31-Mar-2017 01:37:46 UTC] PHP   1. {main}() /home/ubuntu/workspace/admin/resources/fx_login.php:0
[31-Mar-2017 01:39:55 UTC] PHP Fatal error:  Call to undefined function session_register() in /home/ubuntu/workspace/admin/resources/fx_login.php on line 21
[31-Mar-2017 01:39:55 UTC] PHP Stack trace:
[31-Mar-2017 01:39:55 UTC] PHP   1. {main}() /home/ubuntu/workspace/admin/resources/fx_login.php:0
[31-Mar-2017 01:40:40 UTC] PHP Fatal error:  Call to undefined function session_register() in /home/ubuntu/workspace/admin/resources/fx_login.php on line 21
[31-Mar-2017 01:40:40 UTC] PHP Stack trace:
[31-Mar-2017 01:40:40 UTC] PHP   1. {main}() /home/ubuntu/workspace/admin/resources/fx_login.php:0
[31-Mar-2017 01:41:44 UTC] PHP Fatal error:  Call to undefined function session_register() in /home/ubuntu/workspace/admin/resources/fx_login.php on line 21
[31-Mar-2017 01:41:44 UTC] PHP Stack trace:
[31-Mar-2017 01:41:44 UTC] PHP   1. {main}() /home/ubuntu/workspace/admin/resources/fx_login.php:0
[31-Mar-2017 01:42:14 UTC] PHP Fatal error:  Call to undefined function session_register() in /home/ubuntu/workspace/admin/resources/fx_login.php on line 21
[31-Mar-2017 01:42:14 UTC] PHP Stack trace:
[31-Mar-2017 01:42:14 UTC] PHP   1. {main}() /home/ubuntu/workspace/admin/resources/fx_login.php:0
[31-Mar-2017 01:45:59 UTC] PHP Fatal error:  Call to undefined function session_register() in /home/ubuntu/workspace/admin/resources/fx_login.php on line 38
[31-Mar-2017 01:45:59 UTC] PHP Stack trace:
[31-Mar-2017 01:45:59 UTC] PHP   1. {main}() /home/ubuntu/workspace/admin/resources/fx_login.php:0
[31-Mar-2017 01:47:23 UTC] PHP Fatal error:  Call to undefined function session_register() in /home/ubuntu/workspace/admin/resources/fx_login.php on line 38
[31-Mar-2017 01:47:23 UTC] PHP Stack trace:
[31-Mar-2017 01:47:23 UTC] PHP   1. {main}() /home/ubuntu/workspace/admin/resources/fx_login.php:0
[31-Mar-2017 01:47:26 UTC] PHP Fatal error:  Call to undefined function session_register() in /home/ubuntu/workspace/admin/resources/fx_login.php on line 38
[31-Mar-2017 01:47:26 UTC] PHP Stack trace:
[31-Mar-2017 01:47:26 UTC] PHP   1. {main}() /home/ubuntu/workspace/admin/resources/fx_login.php:0
[31-Mar-2017 01:47:34 UTC] PHP Fatal error:  Call to undefined function session_register() in /home/ubuntu/workspace/admin/resources/fx_login.php on line 38
[31-Mar-2017 01:47:34 UTC] PHP Stack trace:
[31-Mar-2017 01:47:34 UTC] PHP   1. {main}() /home/ubuntu/workspace/admin/resources/fx_login.php:0
[31-Mar-2017 01:47:49 UTC] PHP Fatal error:  Call to undefined function session_register() in /home/ubuntu/workspace/admin/resources/fx_login.php on line 22
[31-Mar-2017 01:47:49 UTC] PHP Stack trace:
[31-Mar-2017 01:47:49 UTC] PHP   1. {main}() /home/ubuntu/workspace/admin/resources/fx_login.php:0
[31-Mar-2017 01:49:33 UTC] PHP Fatal error:  Call to undefined function session_register() in /home/ubuntu/workspace/admin/resources/fx_login.php on line 21
[31-Mar-2017 01:49:33 UTC] PHP Stack trace:
[31-Mar-2017 01:49:33 UTC] PHP   1. {main}() /home/ubuntu/workspace/admin/resources/fx_login.php:0
